Feb 08 2024 16:21:12
{"Number":8192,"Message":"rtrim(): Passing null to parameter #1 ($string) of type string is deprecated","File":"C:\\Users\\User\\Local Sites\\chicdressing\\app\\public\\wp-includes\\formatting.php","Line":2831}

Feb 08 2024 16:21:12
{"Number":8192,"Message":"rtrim(): Passing null to parameter #1 ($string) of type string is deprecated","File":"C:\\Users\\User\\Local Sites\\chicdressing\\app\\public\\wp-includes\\formatting.php","Line":2831}

Feb 08 2024 16:21:12
{"Number":8192,"Message":"rtrim(): Passing null to parameter #1 ($string) of type string is deprecated","File":"C:\\Users\\User\\Local Sites\\chicdressing\\app\\public\\wp-includes\\formatting.php","Line":2831}

Feb 08 2024 16:21:12
{"Number":8192,"Message":"rtrim(): Passing null to parameter #1 ($string) of type string is deprecated","File":"C:\\Users\\User\\Local Sites\\chicdressing\\app\\public\\wp-includes\\formatting.php","Line":2831}

Feb 08 2024 16:21:12
{"Number":8192,"Message":"rtrim(): Passing null to parameter #1 ($string) of type string is deprecated","File":"C:\\Users\\User\\Local Sites\\chicdressing\\app\\public\\wp-includes\\formatting.php","Line":2831}

Feb 08 2024 16:21:12
{"Number":8192,"Message":"rtrim(): Passing null to parameter #1 ($string) of type string is deprecated","File":"C:\\Users\\User\\Local Sites\\chicdressing\\app\\public\\wp-includes\\formatting.php","Line":2831}

Feb 08 2024 16:21:12
{"Number":8192,"Message":"rtrim(): Passing null to parameter #1 ($string) of type string is deprecated","File":"C:\\Users\\User\\Local Sites\\chicdressing\\app\\public\\wp-includes\\formatting.php","Line":2831}

Feb 08 2024 16:21:12
{"Number":8192,"Message":"rtrim(): Passing null to parameter #1 ($string) of type string is deprecated","File":"C:\\Users\\User\\Local Sites\\chicdressing\\app\\public\\wp-includes\\formatting.php","Line":2831}

Feb 08 2024 16:21:12
{"Number":8192,"Message":"rtrim(): Passing null to parameter #1 ($string) of type string is deprecated","File":"C:\\Users\\User\\Local Sites\\chicdressing\\app\\public\\wp-includes\\formatting.php","Line":2831}

Feb 08 2024 16:21:12
{"Number":8192,"Message":"rtrim(): Passing null to parameter #1 ($string) of type string is deprecated","File":"C:\\Users\\User\\Local Sites\\chicdressing\\app\\public\\wp-includes\\formatting.php","Line":2831}

Feb 08 2024 16:21:12
{"Number":8192,"Message":"rtrim(): Passing null to parameter #1 ($string) of type string is deprecated","File":"C:\\Users\\User\\Local Sites\\chicdressing\\app\\public\\wp-includes\\formatting.php","Line":2831}

Feb 08 2024 16:21:12
{"Number":8192,"Message":"rtrim(): Passing null to parameter #1 ($string) of type string is deprecated","File":"C:\\Users\\User\\Local Sites\\chicdressing\\app\\public\\wp-includes\\formatting.php","Line":2831}

Feb 08 2024 16:21:12
{"Number":8192,"Message":"rtrim(): Passing null to parameter #1 ($string) of type string is deprecated","File":"C:\\Users\\User\\Local Sites\\chicdressing\\app\\public\\wp-includes\\formatting.php","Line":2831}

Feb 08 2024 16:21:12
{"Number":8192,"Message":"rtrim(): Passing null to parameter #1 ($string) of type string is deprecated","File":"C:\\Users\\User\\Local Sites\\chicdressing\\app\\public\\wp-includes\\formatting.php","Line":2831}

Feb 08 2024 16:21:12
{"Number":8192,"Message":"rtrim(): Passing null to parameter #1 ($string) of type string is deprecated","File":"C:\\Users\\User\\Local Sites\\chicdressing\\app\\public\\wp-includes\\formatting.php","Line":2831}

Feb 08 2024 16:21:12
{"Number":8192,"Message":"rtrim(): Passing null to parameter #1 ($string) of type string is deprecated","File":"C:\\Users\\User\\Local Sites\\chicdressing\\app\\public\\wp-includes\\formatting.php","Line":2831}

Feb 08 2024 16:21:12
{"Number":8192,"Message":"rtrim(): Passing null to parameter #1 ($string) of type string is deprecated","File":"C:\\Users\\User\\Local Sites\\chicdressing\\app\\public\\wp-includes\\formatting.php","Line":2831}

Feb 08 2024 16:21:12
{"Number":8192,"Message":"rtrim(): Passing null to parameter #1 ($string) of type string is deprecated","File":"C:\\Users\\User\\Local Sites\\chicdressing\\app\\public\\wp-includes\\formatting.php","Line":2831}

Feb 08 2024 16:21:12
{"Number":8192,"Message":"rtrim(): Passing null to parameter #1 ($string) of type string is deprecated","File":"C:\\Users\\User\\Local Sites\\chicdressing\\app\\public\\wp-includes\\formatting.php","Line":2831}

Feb 08 2024 16:21:12
{"Number":8192,"Message":"rtrim(): Passing null to parameter #1 ($string) of type string is deprecated","File":"C:\\Users\\User\\Local Sites\\chicdressing\\app\\public\\wp-includes\\formatting.php","Line":2831}

Feb 08 2024 16:21:12
{"Number":8192,"Message":"rtrim(): Passing null to parameter #1 ($string) of type string is deprecated","File":"C:\\Users\\User\\Local Sites\\chicdressing\\app\\public\\wp-includes\\formatting.php","Line":2831}

Feb 08 2024 16:21:12
{"Number":8192,"Message":"rtrim(): Passing null to parameter #1 ($string) of type string is deprecated","File":"C:\\Users\\User\\Local Sites\\chicdressing\\app\\public\\wp-includes\\formatting.php","Line":2831}

Feb 08 2024 16:21:12
{"Number":8192,"Message":"rtrim(): Passing null to parameter #1 ($string) of type string is deprecated","File":"C:\\Users\\User\\Local Sites\\chicdressing\\app\\public\\wp-includes\\formatting.php","Line":2831}

Feb 08 2024 16:21:12
{"Number":8192,"Message":"rtrim(): Passing null to parameter #1 ($string) of type string is deprecated","File":"C:\\Users\\User\\Local Sites\\chicdressing\\app\\public\\wp-includes\\formatting.php","Line":2831}

Feb 08 2024 16:21:12
{"Number":8192,"Message":"rtrim(): Passing null to parameter #1 ($string) of type string is deprecated","File":"C:\\Users\\User\\Local Sites\\chicdressing\\app\\public\\wp-includes\\formatting.php","Line":2831}

Feb 08 2024 16:21:12
{"Number":8192,"Message":"rtrim(): Passing null to parameter #1 ($string) of type string is deprecated","File":"C:\\Users\\User\\Local Sites\\chicdressing\\app\\public\\wp-includes\\formatting.php","Line":2831}

Feb 08 2024 16:21:12
{"Number":8192,"Message":"rtrim(): Passing null to parameter #1 ($string) of type string is deprecated","File":"C:\\Users\\User\\Local Sites\\chicdressing\\app\\public\\wp-includes\\formatting.php","Line":2831}

Feb 08 2024 16:21:12
{"Number":8192,"Message":"rtrim(): Passing null to parameter #1 ($string) of type string is deprecated","File":"C:\\Users\\User\\Local Sites\\chicdressing\\app\\public\\wp-includes\\formatting.php","Line":2831}

Feb 08 2024 16:21:12
{"Number":8192,"Message":"rtrim(): Passing null to parameter #1 ($string) of type string is deprecated","File":"C:\\Users\\User\\Local Sites\\chicdressing\\app\\public\\wp-includes\\formatting.php","Line":2831}

Feb 08 2024 16:21:12
{"Number":8192,"Message":"rtrim(): Passing null to parameter #1 ($string) of type string is deprecated","File":"C:\\Users\\User\\Local Sites\\chicdressing\\app\\public\\wp-includes\\formatting.php","Line":2831}

Feb 08 2024 16:21:12
{"Number":8192,"Message":"rtrim(): Passing null to parameter #1 ($string) of type string is deprecated","File":"C:\\Users\\User\\Local Sites\\chicdressing\\app\\public\\wp-includes\\formatting.php","Line":2831}

Feb 08 2024 16:21:12
{"Number":8192,"Message":"rtrim(): Passing null to parameter #1 ($string) of type string is deprecated","File":"C:\\Users\\User\\Local Sites\\chicdressing\\app\\public\\wp-includes\\formatting.php","Line":2831}

Feb 08 2024 16:21:12
{"Number":8192,"Message":"rtrim(): Passing null to parameter #1 ($string) of type string is deprecated","File":"C:\\Users\\User\\Local Sites\\chicdressing\\app\\public\\wp-includes\\formatting.php","Line":2831}

Feb 08 2024 16:21:12
{"Number":8192,"Message":"rtrim(): Passing null to parameter #1 ($string) of type string is deprecated","File":"C:\\Users\\User\\Local Sites\\chicdressing\\app\\public\\wp-includes\\formatting.php","Line":2831}

Feb 08 2024 16:21:12
{"Number":8192,"Message":"rtrim(): Passing null to parameter #1 ($string) of type string is deprecated","File":"C:\\Users\\User\\Local Sites\\chicdressing\\app\\public\\wp-includes\\formatting.php","Line":2831}

Feb 08 2024 16:21:12
{"Number":8192,"Message":"rtrim(): Passing null to parameter #1 ($string) of type string is deprecated","File":"C:\\Users\\User\\Local Sites\\chicdressing\\app\\public\\wp-includes\\formatting.php","Line":2831}

Feb 08 2024 16:21:24
{"Number":8192,"Message":"Return type of ActionScheduler_DateTime::setTimezone($timezone) should either be compatible with DateTime::setTimezone(DateTimeZone $timezone): DateTime, or the #[\\ReturnTypeWillChange] attribute should be used to temporarily suppress the notice","File":"C:\\Users\\User\\Local Sites\\chicdressing\\app\\public\\wp-content\\plugins\\woocommerce\\packages\\action-scheduler\\classes\\ActionScheduler_DateTime.php","Line":60}

Feb 08 2024 16:21:24
{"Number":8192,"Message":"Return type of ActionScheduler_DateTime::getOffset() should either be compatible with DateTime::getOffset(): int, or the #[\\ReturnTypeWillChange] attribute should be used to temporarily suppress the notice","File":"C:\\Users\\User\\Local Sites\\chicdressing\\app\\public\\wp-content\\plugins\\woocommerce\\packages\\action-scheduler\\classes\\ActionScheduler_DateTime.php","Line":48}

Feb 08 2024 16:21:24
{"Number":8192,"Message":"Return type of ActionScheduler_DateTime::getTimestamp() should either be compatible with DateTime::getTimestamp(): int, or the #[\\ReturnTypeWillChange] attribute should be used to temporarily suppress the notice","File":"C:\\Users\\User\\Local Sites\\chicdressing\\app\\public\\wp-content\\plugins\\woocommerce\\packages\\action-scheduler\\classes\\ActionScheduler_DateTime.php","Line":27}

Feb 08 2024 16:21:24
{"Number":8192,"Message":"DateTime::__construct(): Passing null to parameter #1 ($datetime) of type string is deprecated","File":"C:\\Users\\User\\Local Sites\\chicdressing\\app\\public\\wp-content\\plugins\\woocommerce\\packages\\action-scheduler\\functions.php","Line":316}

Feb 08 2024 16:21:24
{"type":8192,"message":"Return type of SkyVerge\\WooCommerce\\PluginFramework\\v5_10_0\\SV_WC_DateTime::getTimestamp() should either be compatible with DateTime::getTimestamp(): int, or the #[\\ReturnTypeWillChange] attribute should be used to temporarily suppress the notice","file":"C:\\Users\\User\\Local Sites\\chicdressing\\app\\public\\wp-content\\plugins\\facebook-for-woocommerce\\vendor\\skyverge\\wc-plugin-framework\\woocommerce\\compatibility\\class-sv-wc-datetime.php","line":85}

Feb 08 2024 16:21:26
{"Number":8192,"Message":"Return type of ActionScheduler_DateTime::setTimezone($timezone) should either be compatible with DateTime::setTimezone(DateTimeZone $timezone): DateTime, or the #[\\ReturnTypeWillChange] attribute should be used to temporarily suppress the notice","File":"C:\\Users\\User\\Local Sites\\chicdressing\\app\\public\\wp-content\\plugins\\woocommerce\\packages\\action-scheduler\\classes\\ActionScheduler_DateTime.php","Line":60}

Feb 08 2024 16:21:26
{"Number":8192,"Message":"Return type of ActionScheduler_DateTime::getOffset() should either be compatible with DateTime::getOffset(): int, or the #[\\ReturnTypeWillChange] attribute should be used to temporarily suppress the notice","File":"C:\\Users\\User\\Local Sites\\chicdressing\\app\\public\\wp-content\\plugins\\woocommerce\\packages\\action-scheduler\\classes\\ActionScheduler_DateTime.php","Line":48}

Feb 08 2024 16:21:26
{"Number":8192,"Message":"Return type of ActionScheduler_DateTime::getTimestamp() should either be compatible with DateTime::getTimestamp(): int, or the #[\\ReturnTypeWillChange] attribute should be used to temporarily suppress the notice","File":"C:\\Users\\User\\Local Sites\\chicdressing\\app\\public\\wp-content\\plugins\\woocommerce\\packages\\action-scheduler\\classes\\ActionScheduler_DateTime.php","Line":27}

Feb 08 2024 16:21:26
{"Number":8192,"Message":"DateTime::__construct(): Passing null to parameter #1 ($datetime) of type string is deprecated","File":"C:\\Users\\User\\Local Sites\\chicdressing\\app\\public\\wp-content\\plugins\\woocommerce\\packages\\action-scheduler\\functions.php","Line":316}

Feb 08 2024 16:21:26
{"type":8192,"message":"Return type of SkyVerge\\WooCommerce\\PluginFramework\\v5_10_0\\SV_WC_DateTime::getTimestamp() should either be compatible with DateTime::getTimestamp(): int, or the #[\\ReturnTypeWillChange] attribute should be used to temporarily suppress the notice","file":"C:\\Users\\User\\Local Sites\\chicdressing\\app\\public\\wp-content\\plugins\\facebook-for-woocommerce\\vendor\\skyverge\\wc-plugin-framework\\woocommerce\\compatibility\\class-sv-wc-datetime.php","line":85}

